<?xml version="1.0" encoding="UTF-8"?>
<!-- Generated by org.testng.reporters.JUnitReportReporter -->
<testsuite hostname="LAPTOP-1IP63I2R" failures="0" tests="1" name="org.Manipal.test.testCases" time="39.889" errors="0" timestamp="2023-06-10T18:02:06 IST" skipped="0">
  <testcase classname="org.Manipal.test.testCases" name="scenario" time="39.889"/>
  <system-out/>
</testsuite> <!-- org.Manipal.test.testCases -->
