<?xml version="1.0" encoding="UTF-8"?>
<!-- Generated by org.testng.reporters.JUnitReportReporter -->
<testsuite hostname="LAPTOP-1IP63I2R" failures="0" tests="1" name="org.Manipal.test.testCasesDemoWebsite" time="28.065" errors="0" timestamp="2023-06-11T16:41:41 IST" skipped="0">
  <testcase classname="org.Manipal.test.testCasesDemoWebsite" name="scenario" time="28.065"/>
  <system-out/>
</testsuite> <!-- org.Manipal.test.testCasesDemoWebsite -->
