<?xml version="1.0" encoding="UTF-8"?>
<!-- Generated by org.testng.reporters.JUnitReportReporter -->
<testsuite hostname="LAPTOP-1IP63I2R" failures="0" tests="1" name="grid.Class1" time="126.553" errors="0" timestamp="2023-06-08T13:32:57 IST" skipped="0">
  <testcase classname="grid.Class1" name="scenario1" time="126.553"/>
  <system-out/>
</testsuite> <!-- grid.Class1 -->
