<?xml version="1.0" encoding="UTF-8"?>
<!-- Generated by org.testng.reporters.JUnitReportReporter -->
<testsuite hostname="LAPTOP-1IP63I2R" failures="0" tests="2" name="selenium.Testngex1" time="0.010" errors="0" timestamp="2023-06-06T11:14:17 IST" skipped="0">
  <testcase classname="selenium.Testngex1" name="testScenario1" time="0.008"/>
  <system-out/>
  <testcase classname="selenium.Testngex1" name="testScenario2" time="0.002"/>
  <system-out/>
</testsuite> <!-- selenium.Testngex1 -->
