<?xml version="1.0" encoding="UTF-8"?>
<!-- Generated by org.testng.reporters.JUnitReportReporter -->
<testsuite hostname="LAPTOP-1IP63I2R" failures="0" tests="2" name="grid.Prac" time="386.625" errors="0" timestamp="2023-06-08T15:20:11 IST" skipped="0">
  <testcase classname="grid.Prac" name="appleSite" time="192.486"/>
  <system-out/>
  <testcase classname="grid.Prac" name="appleSite" time="194.139"/>
  <system-out/>
</testsuite> <!-- grid.Prac -->
