<?xml version="1.0" encoding="UTF-8"?>
<!-- Generated by org.testng.reporters.JUnitReportReporter -->
<testsuite hostname="LAPTOP-1IP63I2R" failures="0" tests="1" name="grid.Classedge" time="133.068" errors="0" timestamp="2023-06-08T13:32:57 IST" skipped="0">
  <testcase classname="grid.Classedge" name="scenario1" time="133.068"/>
  <system-out/>
</testsuite> <!-- grid.Classedge -->
