<?xml version="1.0" encoding="UTF-8"?>
<!-- Generated by org.testng.reporters.JUnitReportReporter -->
<testsuite hostname="LAPTOP-1IP63I2R" failures="0" tests="1" name="org.Manipal.test.testCasesDemoWebsite" time="7.244" errors="0" timestamp="13 Jun 2023 17:25:11 GMT" skipped="0">
  <testcase classname="org.Manipal.test.testCasesDemoWebsite" name="scenario" time="7.244"/>
</testsuite> <!-- org.Manipal.test.testCasesDemoWebsite -->
